\BOOKMARK [0][-]{chapter.1}{\376\377\0001\000\040\000c\000a\000c\000h\000e\000-\000s\000i\000m\000u\000l\000a\000t\000o\000r}{}% 1
\BOOKMARK [1][-]{section.1.1}{\376\377\0001\000.\0001\000\040\000T\000o\000\040\000l\000a\000u\000n\000c\000h\000:}{chapter.1}% 2
\BOOKMARK [0][-]{chapter.2}{\376\377\0002\000\040\000N\000a\000m\000e\000s\000p\000a\000c\000e\000\040\000I\000n\000d\000e\000x}{}% 3
\BOOKMARK [1][-]{section.2.1}{\376\377\0002\000.\0001\000\040\000N\000a\000m\000e\000s\000p\000a\000c\000e\000\040\000L\000i\000s\000t}{chapter.2}% 4
\BOOKMARK [0][-]{chapter.3}{\376\377\0003\000\040\000N\000a\000m\000e\000s\000p\000a\000c\000e\000\040\000D\000o\000c\000u\000m\000e\000n\000t\000a\000t\000i\000o\000n}{}% 5
\BOOKMARK [1][-]{section.3.1}{\376\377\0003\000.\0001\000\040\000c\000a\000c\000h\000e\000s\000i\000m\000u\000l\000a\000t\000o\000r\000\040\000N\000a\000m\000e\000s\000p\000a\000c\000e\000\040\000R\000e\000f\000e\000r\000e\000n\000c\000e}{chapter.3}% 6
\BOOKMARK [2][-]{subsection.3.1.1}{\376\377\0003\000.\0001\000.\0001\000\040\000D\000e\000t\000a\000i\000l\000e\000d\000\040\000D\000e\000s\000c\000r\000i\000p\000t\000i\000o\000n}{section.3.1}% 7
\BOOKMARK [2][-]{subsection.3.1.2}{\376\377\0003\000.\0001\000.\0002\000\040\000F\000u\000n\000c\000t\000i\000o\000n\000\040\000D\000o\000c\000u\000m\000e\000n\000t\000a\000t\000i\000o\000n}{section.3.1}% 8
\BOOKMARK [3][-]{subsubsection.3.1.2.1}{\376\377\0003\000.\0001\000.\0002\000.\0001\000\040\000a\000c\000t\000i\000v\000a\000t\000e\000\050\000\051}{subsection.3.1.2}% 9
\BOOKMARK [3][-]{subsubsection.3.1.2.2}{\376\377\0003\000.\0001\000.\0002\000.\0002\000\040\000c\000o\000n\000f\000i\000g\000\050\000\051}{subsection.3.1.2}% 10
\BOOKMARK [3][-]{subsubsection.3.1.2.3}{\376\377\0003\000.\0001\000.\0002\000.\0003\000\040\000d\000u\000m\000p\000\050\000\051}{subsection.3.1.2}% 11
\BOOKMARK [3][-]{subsubsection.3.1.2.4}{\376\377\0003\000.\0001\000.\0002\000.\0004\000\040\000f\000l\000u\000s\000h\000\050\000\051}{subsection.3.1.2}% 12
\BOOKMARK [3][-]{subsubsection.3.1.2.5}{\376\377\0003\000.\0001\000.\0002\000.\0005\000\040\000i\000n\000i\000t\000\137\000r\000a\000m\000\050\000\051}{subsection.3.1.2}% 13
\BOOKMARK [3][-]{subsubsection.3.1.2.6}{\376\377\0003\000.\0001\000.\0002\000.\0006\000\040\000m\000a\000i\000n\000\050\000\051}{subsection.3.1.2}% 14
\BOOKMARK [3][-]{subsubsection.3.1.2.7}{\376\377\0003\000.\0001\000.\0002\000.\0007\000\040\000m\000e\000m\000\137\000d\000u\000m\000p\000\050\000\051}{subsection.3.1.2}% 15
\BOOKMARK [3][-]{subsubsection.3.1.2.8}{\376\377\0003\000.\0001\000.\0002\000.\0008\000\040\000m\000e\000m\000\137\000v\000i\000e\000w\000\050\000\051}{subsection.3.1.2}% 16
\BOOKMARK [3][-]{subsubsection.3.1.2.9}{\376\377\0003\000.\0001\000.\0002\000.\0009\000\040\000p\000r\000o\000m\000p\000t\000\050\000\051}{subsection.3.1.2}% 17
\BOOKMARK [3][-]{subsubsection.3.1.2.10}{\376\377\0003\000.\0001\000.\0002\000.\0001\0000\000\040\000r\000e\000a\000d\000\050\000\051}{subsection.3.1.2}% 18
\BOOKMARK [3][-]{subsubsection.3.1.2.11}{\376\377\0003\000.\0001\000.\0002\000.\0001\0001\000\040\000r\000e\000a\000d\000\137\000w\000r\000i\000t\000e\000\050\000\051}{subsection.3.1.2}% 19
\BOOKMARK [3][-]{subsubsection.3.1.2.12}{\376\377\0003\000.\0001\000.\0002\000.\0001\0002\000\040\000v\000i\000e\000w\000\050\000\051}{subsection.3.1.2}% 20
\BOOKMARK [3][-]{subsubsection.3.1.2.13}{\376\377\0003\000.\0001\000.\0002\000.\0001\0003\000\040\000w\000r\000i\000t\000e\000\050\000\051}{subsection.3.1.2}% 21
\BOOKMARK [3][-]{subsubsection.3.1.2.14}{\376\377\0003\000.\0001\000.\0002\000.\0001\0004\000\040\000w\000r\000i\000t\000e\000\137\000m\000i\000s\000s\000\137\000a\000l\000l\000o\000c\000a\000t\000e\000\050\000\051}{subsection.3.1.2}% 22
\BOOKMARK [2][-]{subsection.3.1.3}{\376\377\0003\000.\0001\000.\0003\000\040\000V\000a\000r\000i\000a\000b\000l\000e\000\040\000D\000o\000c\000u\000m\000e\000n\000t\000a\000t\000i\000o\000n}{section.3.1}% 23
\BOOKMARK [3][-]{subsubsection.3.1.3.1}{\376\377\0003\000.\0001\000.\0003\000.\0001\000\040\000a\000s\000s\000o\000c\000i\000a\000t\000i\000v\000i\000t\000y}{subsection.3.1.3}% 24
\BOOKMARK [3][-]{subsubsection.3.1.3.2}{\376\377\0003\000.\0001\000.\0003\000.\0002\000\040\000C\000A\000C\000H\000E}{subsection.3.1.3}% 25
\BOOKMARK [3][-]{subsubsection.3.1.3.3}{\376\377\0003\000.\0001\000.\0003\000.\0003\000\040\000c\000a\000c\000h\000e\000\137\000h\000i\000t\000s}{subsection.3.1.3}% 26
\BOOKMARK [3][-]{subsubsection.3.1.3.4}{\376\377\0003\000.\0001\000.\0003\000.\0004\000\040\000c\000a\000c\000h\000e\000\137\000m\000i\000s\000s\000e\000s}{subsection.3.1.3}% 27
\BOOKMARK [3][-]{subsubsection.3.1.3.5}{\376\377\0003\000.\0001\000.\0003\000.\0005\000\040\000c\000a\000c\000h\000e\000\137\000s\000i\000z\000e}{subsection.3.1.3}% 28
\BOOKMARK [3][-]{subsubsection.3.1.3.6}{\376\377\0003\000.\0001\000.\0003\000.\0006\000\040\000d\000a\000t\000a\000\137\000b\000l\000o\000c\000k\000\137\000s\000i\000z\000e}{subsection.3.1.3}% 29
\BOOKMARK [3][-]{subsubsection.3.1.3.7}{\376\377\0003\000.\0001\000.\0003\000.\0007\000\040\000F\000R\000E\000Q\000U\000E\000N\000T\000S}{subsection.3.1.3}% 30
\BOOKMARK [3][-]{subsubsection.3.1.3.8}{\376\377\0003\000.\0001\000.\0003\000.\0008\000\040\000R\000A\000M}{subsection.3.1.3}% 31
\BOOKMARK [3][-]{subsubsection.3.1.3.9}{\376\377\0003\000.\0001\000.\0003\000.\0009\000\040\000R\000A\000M\000\137\000e\000n\000d}{subsection.3.1.3}% 32
\BOOKMARK [3][-]{subsubsection.3.1.3.10}{\376\377\0003\000.\0001\000.\0003\000.\0001\0000\000\040\000R\000A\000M\000\137\000s\000t\000a\000r\000t}{subsection.3.1.3}% 33
\BOOKMARK [3][-]{subsubsection.3.1.3.11}{\376\377\0003\000.\0001\000.\0003\000.\0001\0001\000\040\000R\000E\000C\000E\000N\000T\000S}{subsection.3.1.3}% 34
\BOOKMARK [3][-]{subsubsection.3.1.3.12}{\376\377\0003\000.\0001\000.\0003\000.\0001\0002\000\040\000r\000e\000p\000l\000a\000c\000e\000m\000e\000n\000t\000\137\000p\000o\000l\000i\000c\000y}{subsection.3.1.3}% 35
\BOOKMARK [3][-]{subsubsection.3.1.3.13}{\376\377\0003\000.\0001\000.\0003\000.\0001\0003\000\040\000w\000r\000i\000t\000e\000\137\000h\000i\000t\000\137\000p\000o\000l\000i\000c\000y}{subsection.3.1.3}% 36
\BOOKMARK [3][-]{subsubsection.3.1.3.14}{\376\377\0003\000.\0001\000.\0003\000.\0001\0004\000\040\000w\000r\000i\000t\000e\000\137\000m\000i\000s\000s\000\137\000p\000o\000l\000i\000c\000y}{subsection.3.1.3}% 37
\BOOKMARK [0][-]{section*.3}{\376\377\000I\000n\000d\000e\000x}{}% 38
